This is pdfTeX, Version 3.14159265-2.6-1.40.17 (TeX Live 2016) (preloaded format=pdflatex 2016.5.22)  4 JUN 2019 21:04
entering extended mode
 restricted \write18 enabled.
 %&-line parsing enabled.
**manuscript.tex
(./manuscript.tex
LaTeX2e <2016/03/31>
Babel <3.9r> and hyphenation patterns for 83 language(s) loaded.
(./biom.cls
Document Class: biom 2006/12/12 v2.2 LaTeX2e Biom document class
Document Style `Biom' v1.0, released 2006 December 12
\math@groups=\toks14
LaTeX Font Info:    Overwriting symbol font `symbols' in version `bold'
(Font)                  OMS/cmsy/b/n --> OMS/cmsy/b/n on input line 236.
\symUPM=\mathgroup4
LaTeX Font Info:    Overwriting symbol font `UPM' in version `bold'
(Font)                  U/eur/m/n --> U/eur/b/n on input line 273.
\symAMSa=\mathgroup5
\SFB@measure=\dimen102
\realparindent=\skip41
\c@part=\count79
\c@section=\count80
\c@subsection=\count81
\c@subsubsection=\count82
\c@paragraph=\count83
\c@subparagraph=\count84
\c@discounter=\count85
\@topalign=\dimen103
\Verticalskip=\dimen104
\@partialpageht=\dimen105
\store@outputbox=\box26
\storedboxheight=\dimen106
\@indentskip=\skip42
\smallindent=\skip43
\@footindent=\skip44
\@leftskip=\skip45
\absbox=\box27
\keywdbox=\box28
\c@emailcnt=\count86
\c@emailxcnt=\count87
\tempcount=\count88
\c@dummy=\count89
\c@table=\count90
\c@figure=\count91
\bibhang=\skip46
\mathindent=\dimen107
(/usr/local/texlive/2016/texmf-dist/tex/latex/tools/theorem.sty
Package: theorem 2014/10/28 v2.2c Theorem extension package (FMi)
\theorem@style=\toks15
\theorem@bodyfont=\toks16
\theorempreskipamount=\skip47
\theorempostskipamount=\skip48

(/usr/local/texlive/2016/texmf-dist/tex/latex/tools/thp.sty
File: thp.sty 2014/10/28 v2.2c Theorem extension package (FMi)
))
\c@theorem=\count92
\c@theorem=\count93
\c@corollary=\count94
\c@fact=\count95
\c@property=\count96
\c@result=\count97
\c@lemma=\count98
\c@assumption=\count99
\c@case=\count100
\c@axiom=\count101
\c@change=\count102
\c@claim=\count103
\c@conjecture=\count104
\c@definition=\count105
\c@example=\count106
\c@formula=\count107
\c@hypothesis=\count108
\c@method=\count109
\c@model=\count110
\c@notation=\count111
\c@note=\count112
\c@objective=\count113
\c@observation=\count114
\c@principle=\count115
\c@problem=\count116
\c@procedure=\count117
\c@remark=\count118
\c@step=\count119
\theorempreskipamount=\skip49
\theorempostskipamount=\skip50

(/usr/local/texlive/2016/texmf-dist/tex/latex/endfloat/endfloat.sty
Package: endfloat 2011/12/25 v2.5d LaTeX2e package puts figures and tables at e
nd (jdm)

(/usr/local/texlive/2016/texmf-dist/tex/latex/graphics/keyval.sty
Package: keyval 2014/10/28 v1.15 key=value parser (DPC)
\KV@toks@=\toks17
)
\c@postfigure=\count120
\efloat@postfff=\write3
\@ef@fffopen=\count121
\c@posttable=\count122
\efloat@postttt=\write4
\@ef@tttopen=\count123
))
(/usr/local/texlive/2016/texmf-dist/tex/latex/amsmath/amsmath.sty
Package: amsmath 2016/03/10 v2.15b AMS math features
\@mathmargin=\skip51

For additional information on amsmath, use the `?' option.
(/usr/local/texlive/2016/texmf-dist/tex/latex/amsmath/amstext.sty
Package: amstext 2000/06/29 v2.01 AMS text

(/usr/local/texlive/2016/texmf-dist/tex/latex/amsmath/amsgen.sty
File: amsgen.sty 1999/11/30 v2.0 generic functions
\@emptytoks=\toks18
\ex@=\dimen108
))
(/usr/local/texlive/2016/texmf-dist/tex/latex/amsmath/amsbsy.sty
Package: amsbsy 1999/11/29 v1.2d Bold Symbols
\pmbraise@=\dimen109
)
(/usr/local/texlive/2016/texmf-dist/tex/latex/amsmath/amsopn.sty
Package: amsopn 2016/03/08 v2.02 operator names
)
\inf@bad=\count124
LaTeX Info: Redefining \frac on input line 199.
\uproot@=\count125
\leftroot@=\count126
LaTeX Info: Redefining \overline on input line 297.
\classnum@=\count127
\DOTSCASE@=\count128
LaTeX Info: Redefining \ldots on input line 394.
LaTeX Info: Redefining \dots on input line 397.
LaTeX Info: Redefining \cdots on input line 518.
\Mathstrutbox@=\box29
\strutbox@=\box30
\big@size=\dimen110
LaTeX Font Info:    Redeclaring font encoding OML on input line 634.
LaTeX Font Info:    Redeclaring font encoding OMS on input line 635.
\macc@depth=\count129
\c@MaxMatrixCols=\count130
\dotsspace@=\muskip10
\c@parentequation=\count131
\dspbrk@lvl=\count132
\tag@help=\toks19
\row@=\count133
\column@=\count134
\maxfields@=\count135
\andhelp@=\toks20
\eqnshift@=\dimen111
\alignsep@=\dimen112
\tagshift@=\dimen113
\tagwidth@=\dimen114
\totwidth@=\dimen115
\lineht@=\dimen116
\@envbody=\toks21
\multlinegap=\skip52
\multlinetaggap=\skip53
\mathdisplay@stack=\toks22
LaTeX Info: Redefining \[ on input line 2739.
LaTeX Info: Redefining \] on input line 2740.
)
(/usr/local/texlive/2016/texmf-dist/tex/latex/graphics/graphicx.sty
Package: graphicx 2014/10/28 v1.0g Enhanced LaTeX Graphics (DPC,SPQR)

(/usr/local/texlive/2016/texmf-dist/tex/latex/graphics/graphics.sty
Package: graphics 2016/05/09 v1.0r Standard LaTeX Graphics (DPC,SPQR)

(/usr/local/texlive/2016/texmf-dist/tex/latex/graphics/trig.sty
Package: trig 2016/01/03 v1.10 sin cos tan (DPC)
)
(/usr/local/texlive/2016/texmf-dist/tex/latex/graphics-cfg/graphics.cfg
File: graphics.cfg 2016/01/02 v1.10 sample graphics configuration
)
Package graphics Info: Driver file: pdftex.def on input line 96.

(/usr/local/texlive/2016/texmf-dist/tex/latex/pdftex-def/pdftex.def
File: pdftex.def 2011/05/27 v0.06d Graphics/color for pdfTeX

(/usr/local/texlive/2016/texmf-dist/tex/generic/oberdiek/infwarerr.sty
Package: infwarerr 2016/05/16 v1.4 Providing info/warning/error messages (HO)
)
(/usr/local/texlive/2016/texmf-dist/tex/generic/oberdiek/ltxcmds.sty
Package: ltxcmds 2016/05/16 v1.23 LaTeX kernel commands for general use (HO)
)
\Gread@gobject=\count136
))
\Gin@req@height=\dimen117
\Gin@req@width=\dimen118
)
(/usr/local/texlive/2016/texmf-dist/tex/latex/blindtext/blindtext.sty
Package: blindtext 2012/01/06 V2.0 blindtext-Package

(/usr/local/texlive/2016/texmf-dist/tex/latex/tools/xspace.sty
Package: xspace 2014/10/28 v1.13 Space after command names (DPC,MH)
)
\c@blindtext=\count137
\c@Blindtext=\count138
\c@blind@countparstart=\count139
\blind@countxx=\count140
\blindtext@numBlindtext=\count141
\blind@countyy=\count142
\c@blindlist=\count143
\c@blindlistlevel=\count144
\c@blindlist@level=\count145
\blind@listitem=\count146
\c@blind@listcount=\count147
\c@blind@levelcount=\count148
\blind@mathformula=\count149
\blind@Mathformula=\count150
\c@blind@randomcount=\count151
\c@blind@randommax=\count152
\c@blind@pangramcount=\count153
\c@blind@pangrammax=\count154
)
(/usr/local/texlive/2016/texmf-dist/tex/latex/booktabs/booktabs.sty
Package: booktabs 2016/04/27 v1.618033 publication quality tables
\heavyrulewidth=\dimen119
\lightrulewidth=\dimen120
\cmidrulewidth=\dimen121
\belowrulesep=\dimen122
\belowbottomsep=\dimen123
\aboverulesep=\dimen124
\abovetopsep=\dimen125
\cmidrulesep=\dimen126
\cmidrulekern=\dimen127
\defaultaddspace=\dimen128
\@cmidla=\count155
\@cmidlb=\count156
\@aboverulesep=\dimen129
\@belowrulesep=\dimen130
\@thisruleclass=\count157
\@lastruleclass=\count158
\@thisrulewidth=\dimen131
)
(/usr/local/texlive/2016/texmf-dist/tex/latex/breqn/breqn.sty
(/usr/local/texlive/2016/texmf-dist/tex/latex/l3kernel/expl3.sty
Package: expl3 2016/05/18 v6512 L3 programming layer (loader) 

(/usr/local/texlive/2016/texmf-dist/tex/latex/l3kernel/expl3-code.tex
Package: expl3 2016/05/18 v6512 L3 programming layer (code)
L3 Module: l3bootstrap 2016/02/12 v6412 L3 Bootstrap code
L3 Module: l3names 2016/03/11 v6433 L3 Namespace for primitives
L3 Module: l3basics 2015/11/22 v6315 L3 Basic definitions
L3 Module: l3expan 2015/09/10 v5983 L3 Argument expansion
L3 Module: l3tl 2016/03/26 v6465 L3 Token lists
L3 Module: l3str 2016/03/24 v6441 L3 Strings
L3 Module: l3seq 2015/08/05 v5777 L3 Sequences and stacks
L3 Module: l3int 2016/03/24 v6441 L3 Integers
\c_max_int=\count159
\l_tmpa_int=\count160
\l_tmpb_int=\count161
\g_tmpa_int=\count162
\g_tmpb_int=\count163
L3 Module: l3quark 2015/08/17 v5855 L3 Quarks
L3 Module: l3prg 2015/11/01 v6216 L3 Control structures
\g__prg_map_int=\count164
L3 Module: l3clist 2015/09/02 v5901 L3 Comma separated lists
L3 Module: l3token 2016/04/03 v6470 L3 Experimental token manipulation
L3 Module: l3prop 2016/01/05 v6366 L3 Property lists
L3 Module: l3msg 2016/03/26 v6464 L3 Messages
L3 Module: l3file 2016/03/25 v6458 L3 File and I/O operations
\l_iow_line_count_int=\count165
\l__iow_target_count_int=\count166
\l__iow_current_line_int=\count167
\l__iow_current_word_int=\count168
\l__iow_current_indentation_int=\count169
L3 Module: l3skip 2016/01/05 v6366 L3 Dimensions and skips
\c_zero_dim=\dimen132
\c_max_dim=\dimen133
\l_tmpa_dim=\dimen134
\l_tmpb_dim=\dimen135
\g_tmpa_dim=\dimen136
\g_tmpb_dim=\dimen137
\c_zero_skip=\skip54
\c_max_skip=\skip55
\l_tmpa_skip=\skip56
\l_tmpb_skip=\skip57
\g_tmpa_skip=\skip58
\g_tmpb_skip=\skip59
\c_zero_muskip=\muskip11
\c_max_muskip=\muskip12
\l_tmpa_muskip=\muskip13
\l_tmpb_muskip=\muskip14
\g_tmpa_muskip=\muskip15
\g_tmpb_muskip=\muskip16
L3 Module: l3keys 2015/11/17 v6284 L3 Key-value interfaces
\g__keyval_level_int=\count170
\l_keys_choice_int=\count171
L3 Module: l3fp 2016/03/26 v6465 L3 Floating points
\c__fp_leading_shift_int=\count172
\c__fp_middle_shift_int=\count173
\c__fp_trailing_shift_int=\count174
\c__fp_big_leading_shift_int=\count175
\c__fp_big_middle_shift_int=\count176
\c__fp_big_trailing_shift_int=\count177
\c__fp_Bigg_leading_shift_int=\count178
\c__fp_Bigg_middle_shift_int=\count179
\c__fp_Bigg_trailing_shift_int=\count180
L3 Module: l3box 2015/08/09 v5822 L3 Experimental boxes
\c_empty_box=\box31
\l_tmpa_box=\box32
\l_tmpb_box=\box33
\g_tmpa_box=\box34
\g_tmpb_box=\box35
L3 Module: l3coffins 2016/05/17 v6508 L3 Coffin code layer
\l__coffin_internal_box=\box36
\l__coffin_internal_dim=\dimen138
\l__coffin_offset_x_dim=\dimen139
\l__coffin_offset_y_dim=\dimen140
\l__coffin_x_dim=\dimen141
\l__coffin_y_dim=\dimen142
\l__coffin_x_prime_dim=\dimen143
\l__coffin_y_prime_dim=\dimen144
\c_empty_coffin=\box37
\l__coffin_aligned_coffin=\box38
\l__coffin_aligned_internal_coffin=\box39
\l_tmpa_coffin=\box40
\l_tmpb_coffin=\box41
\l__coffin_display_coffin=\box42
\l__coffin_display_coord_coffin=\box43
\l__coffin_display_pole_coffin=\box44
\l__coffin_display_offset_dim=\dimen145
\l__coffin_display_x_dim=\dimen146
\l__coffin_display_y_dim=\dimen147
L3 Module: l3color 2014/08/23 v5354 L3 Experimental color support
L3 Module: l3sys 2015/09/25 v6087 L3 Experimental system/runtime functions
L3 Module: l3candidates 2016/05/13 v6484 L3 Experimental additions to l3kernel
\l__box_top_dim=\dimen148
\l__box_bottom_dim=\dimen149
\l__box_left_dim=\dimen150
\l__box_right_dim=\dimen151
\l__box_top_new_dim=\dimen152
\l__box_bottom_new_dim=\dimen153
\l__box_left_new_dim=\dimen154
\l__box_right_new_dim=\dimen155
\l__box_internal_box=\box45
\l__coffin_bounding_shift_dim=\dimen156
\l__coffin_left_corner_dim=\dimen157
\l__coffin_right_corner_dim=\dimen158
\l__coffin_bottom_corner_dim=\dimen159
\l__coffin_top_corner_dim=\dimen160
\l__coffin_scaled_total_height_dim=\dimen161
\l__coffin_scaled_width_dim=\dimen162
L3 Module: l3luatex 2016/03/26 v6465 L3 Experimental LuaTeX-specific functions
)
(/usr/local/texlive/2016/texmf-dist/tex/latex/l3kernel/l3pdfmode.def
File: l3pdfmode.def 2016/03/26 v6465 L3 Experimental driver: PDF mode
\l__driver_color_stack_int=\count181
\l__driver_tmp_box=\box46
))
Package: breqn 2015/08/11 v0.98d Breaking equations

(/usr/local/texlive/2016/texmf-dist/tex/latex/breqn/flexisym.sty
Package: flexisym 2015/08/11 v0.98d Make math characters macros
LaTeX Info: Redefining \textprime on input line 299.
LaTeX Info: Redefining \not on input line 357.

(/usr/local/texlive/2016/texmf-dist/tex/latex/breqn/cmbase.sym
File: cmbase.sym 2007/12/19 v0.92
LaTeX Info: Redefining \hbar on input line 324.
LaTeX Info: Redefining \surd on input line 326.
LaTeX Info: Redefining \angle on input line 334.
LaTeX Info: Redefining \neq on input line 335.
LaTeX Info: Redefining \mapsto on input line 336.
LaTeX Info: Redefining \cong on input line 337.
LaTeX Info: Redefining \notin on input line 340.
LaTeX Info: Redefining \rightleftharpoons on input line 341.
LaTeX Info: Redefining \doteq on input line 342.
LaTeX Info: Redefining \hookrightarrow on input line 343.
LaTeX Info: Redefining \hookleftarrow on input line 344.
LaTeX Info: Redefining \bowtie on input line 345.
LaTeX Info: Redefining \models on input line 346.
LaTeX Info: Redefining \Longrightarrow on input line 347.
LaTeX Info: Redefining \longrightarrow on input line 348.
LaTeX Info: Redefining \Longleftarrow on input line 349.
LaTeX Info: Redefining \longleftarrow on input line 350.
LaTeX Info: Redefining \longmapsto on input line 351.
LaTeX Info: Redefining \longleftrightarrow on input line 352.
LaTeX Info: Redefining \Longleftrightarrow on input line 353.
LaTeX Info: Redefining \cdots on input line 357.
LaTeX Info: Redefining \vdots on input line 360.
LaTeX Info: Redefining \ddots on input line 365.
)
(/usr/local/texlive/2016/texmf-dist/tex/latex/breqn/mathstyle.sty
Package: mathstyle 2015/08/11 v0.98d Tracking mathstyle implicitly
LaTeX Info: Redefining \displaystyle on input line 93.
LaTeX Info: Redefining \textstyle on input line 95.
LaTeX Info: Redefining \scriptstyle on input line 97.
LaTeX Info: Redefining \scriptscriptstyle on input line 99.
LaTeX Info: Redefining \genfrac on input line 145.
))
(/usr/local/texlive/2016/texmf-dist/tex/latex/tools/calc.sty
Package: calc 2014/10/28 v4.3 Infix arithmetic (KKT,FJ)
\calc@Acount=\count182
\calc@Bcount=\count183
\calc@Adimen=\dimen163
\calc@Bdimen=\dimen164
\calc@Askip=\skip60
\calc@Bskip=\skip61
LaTeX Info: Redefining \setlength on input line 80.
LaTeX Info: Redefining \addtolength on input line 81.
\calc@Ccount=\count184
\calc@Cskip=\skip62
)
\inf@bad=\count185
\maxint=\count186
\listwidth=\dimen165
\eqnumsep=\dimen166
\eqmargin=\dimen167
\eqlinespacing=\skip63
\eqlineskip=\skip64
\eqlineskiplimit=\dimen168
\eqbinoffset=\muskip17
\eqdelimoffset=\muskip18
\eqindentstep=\dimen169
\eqstyle=\toks23
\eqbreakdepth=\count187
\eqinterlinepenalty=\count188
\intereqpenalty=\count189
\intereqskip=\skip65
\prerelpenalty=\count190
\prebinoppenalty=\count191
\Dmedmuskip=\muskip19
\Dthickmuskip=\muskip20
\eqleftskip=\skip66
\eqrightskip=\skip67
\eq@vspan=\skip68
\eq@binoffset=\muskip21
\EQ@box=\box47
\EQ@copy=\box48
\EQ@numbox=\box49
\eq@wdNum=\dimen170
\GRP@numbox=\box50
\grp@wdNum=\dimen171
\eq@lines=\count192
\eq@curline=\count193
\eq@badness=\count194
\EQ@vims=\count195
\eq@dp=\dimen172
\eq@wdL=\dimen173
\eq@wdT=\dimen174
\eq@wdMin=\dimen175
\grp@wdL=\dimen176
\grp@wdR=\dimen177
\grp@wdT=\dimen178
\eq@wdRmax=\dimen179
\eq@firstht=\dimen180
\eq@wdCond=\dimen181
\eq@indentstep=\dimen182
\eq@linewidth=\dimen183
\grp@linewidth=\dimen184
\eq@hshift=\dimen185
\eq@given@sidespace=\dimen186
\eq@final@linecount=\count196
\eq@wdR=\dimen187
\EQ@continue=\toks24
\lr@level=\count197
\GRP@queue=\toks25
\GRP@box=\box51
\GRP@wholebox=\box52
\darraycolsep=\skip69
\cur@row=\count198
\cur@col=\count199
\conditionsep=\skip70
)
(/usr/local/texlive/2016/texmf-dist/tex/latex/algorithms/algorithm.sty
Package: algorithm 2009/08/24 v0.1 Document Style `algorithm' - floating enviro
nment

(/usr/local/texlive/2016/texmf-dist/tex/latex/float/float.sty
Package: float 2001/11/08 v1.3d Float enhancements (AL)
\c@float@type=\count266
\float@exts=\toks26
\float@box=\box53
\@float@everytoks=\toks27
\@floatcapt=\box54
)
(/usr/local/texlive/2016/texmf-dist/tex/latex/base/ifthen.sty
Package: ifthen 2014/09/29 v1.1c Standard LaTeX ifthen package (DPC)
)
\@float@every@algorithm=\toks28
\c@algorithm=\count267
)
(/usr/local/texlive/2016/texmf-dist/tex/latex/algorithmicx/algcompatible.sty
Package: algcompatible 

(/usr/local/texlive/2016/texmf-dist/tex/latex/algorithmicx/algorithmicx.sty
Package: algorithmicx 2005/04/27 v1.2 Algorithmicx

Document Style algorithmicx 1.2 - a greatly improved `algorithmic' style
\c@ALG@line=\count268
\c@ALG@rem=\count269
\c@ALG@nested=\count270
\ALG@tlm=\skip71
\ALG@thistlm=\skip72
\c@ALG@Lnr=\count271
\c@ALG@blocknr=\count272
\c@ALG@storecount=\count273
\c@ALG@tmpcounter=\count274
\ALG@tmplength=\skip73
)
Document Style - algorithmic compatible environments for the `algorithmicx' sty
le
) (/usr/local/texlive/2016/texmf-dist/tex/latex/algorithmicx/algpseudocode.sty
Package: algpseudocode 

Document Style - pseudocode environments for use with the `algorithmicx' style
) (./manuscript.aux

LaTeX Warning: Label ` ' multiply defined.


LaTeX Warning: Label ` ' multiply defined.


LaTeX Warning: Label ` ' multiply defined.


LaTeX Warning: Label ` ' multiply defined.


LaTeX Warning: Label ` ' multiply defined.


LaTeX Warning: Label ` ' multiply defined.


LaTeX Warning: Label ` ' multiply defined.


LaTeX Warning: Label ` ' multiply defined.


LaTeX Warning: Label ` ' multiply defined.


LaTeX Warning: Label ` ' multiply defined.


LaTeX Warning: Label ` ' multiply defined.


LaTeX Warning: Label ` ' multiply defined.


LaTeX Warning: Label ` ' multiply defined.


LaTeX Warning: Label ` ' multiply defined.


LaTeX Warning: Label ` ' multiply defined.


LaTeX Warning: Label ` ' multiply defined.


LaTeX Warning: Label ` ' multiply defined.


LaTeX Warning: Label ` ' multiply defined.


LaTeX Warning: Label ` ' multiply defined.


LaTeX Warning: Label ` ' multiply defined.

)
\openout1 = `manuscript.aux'.

LaTeX Font Info:    Checking defaults for OML/cmm/m/it on input line 118.
LaTeX Font Info:    ... okay on input line 118.
LaTeX Font Info:    Checking defaults for T1/cmr/m/n on input line 118.
LaTeX Font Info:    ... okay on input line 118.
LaTeX Font Info:    Checking defaults for OT1/cmr/m/n on input line 118.
LaTeX Font Info:    ... okay on input line 118.
LaTeX Font Info:    Checking defaults for OMS/cmsy/m/n on input line 118.
LaTeX Font Info:    ... okay on input line 118.
LaTeX Font Info:    Checking defaults for OMX/cmex/m/n on input line 118.
LaTeX Font Info:    ... okay on input line 118.
LaTeX Font Info:    Checking defaults for U/cmr/m/n on input line 118.
LaTeX Font Info:    ... okay on input line 118.
 (./endrotfloat.sty
Package: endrotfloat 2007/01/23 v1.0 LaTeX2e package puts sideways figures and 
tables at end
)
(/usr/local/texlive/2016/texmf-dist/tex/context/base/mkii/supp-pdf.mkii
[Loading MPS to PDF converter (version 2006.09.02).]
\scratchcounter=\count275
\scratchdimen=\dimen188
\scratchbox=\box55
\nofMPsegments=\count276
\nofMParguments=\count277
\everyMPshowfont=\toks29
\MPscratchCnt=\count278
\MPscratchDim=\dimen189
\MPnumerator=\count279
\makeMPintoPDFobject=\count280
\everyMPtoPDFconversion=\toks30
) (/usr/local/texlive/2016/texmf-dist/tex/generic/oberdiek/pdftexcmds.sty
Package: pdftexcmds 2016/05/10 v0.21 Utility functions of pdfTeX for LuaTeX (HO
)

(/usr/local/texlive/2016/texmf-dist/tex/generic/oberdiek/ifluatex.sty
Package: ifluatex 2016/05/16 v1.4 Provides the ifluatex switch (HO)
Package ifluatex Info: LuaTeX not detected.
)
(/usr/local/texlive/2016/texmf-dist/tex/generic/oberdiek/ifpdf.sty
Package: ifpdf 2016/05/14 v3.1 Provides the ifpdf switch
)
Package pdftexcmds Info: LuaTeX not detected.
Package pdftexcmds Info: \pdf@primitive is available.
Package pdftexcmds Info: \pdf@ifprimitive is available.
Package pdftexcmds Info: \pdfdraftmode found.
)
(/usr/local/texlive/2016/texmf-dist/tex/latex/oberdiek/epstopdf-base.sty
Package: epstopdf-base 2016/05/15 v2.6 Base part for package epstopdf

(/usr/local/texlive/2016/texmf-dist/tex/latex/oberdiek/grfext.sty
Package: grfext 2016/05/16 v1.2 Manage graphics extensions (HO)

(/usr/local/texlive/2016/texmf-dist/tex/generic/oberdiek/kvdefinekeys.sty
Package: kvdefinekeys 2016/05/16 v1.4 Define keys (HO)
))
(/usr/local/texlive/2016/texmf-dist/tex/latex/oberdiek/kvoptions.sty
Package: kvoptions 2016/05/16 v3.12 Key value format for package options (HO)

(/usr/local/texlive/2016/texmf-dist/tex/generic/oberdiek/kvsetkeys.sty
Package: kvsetkeys 2016/05/16 v1.17 Key value parser (HO)

(/usr/local/texlive/2016/texmf-dist/tex/generic/oberdiek/etexcmds.sty
Package: etexcmds 2016/05/16 v1.6 Avoid name clashes with e-TeX commands (HO)
Package etexcmds Info: Could not find \expanded.
(etexcmds)             That can mean that you are not using pdfTeX 1.50 or
(etexcmds)             that some package has redefined \expanded.
(etexcmds)             In the latter case, load this package earlier.
)))
Package grfext Info: Graphics extension search list:
(grfext)             [.png,.pdf,.jpg,.mps,.jpeg,.jbig2,.jb2,.PNG,.PDF,.JPG,.JPE
G,.JBIG2,.JB2,.eps]
(grfext)             \AppendGraphicsExtensions on input line 456.

(/usr/local/texlive/2016/texmf-dist/tex/latex/latexconfig/epstopdf-sys.cfg
File: epstopdf-sys.cfg 2010/07/13 v1.3 Configuration of (r)epstopdf for TeX Liv
e
))
Missing character: There is no √ in font cmr9!
Missing character: There is no ≥ in font cmr9!
Missing character: There is no ‚ in font cmr9!
Missing character: There is no Ä in font cmr9!
Missing character: There is no ú in font cmr9!
Missing character: There is no ‚ in font cmr9!
Missing character: There is no Ä in font cmr9!
Missing character: There is no ù in font cmr9!
LaTeX Font Info:    Try loading font information for U+eur on input line 176.

(/usr/local/texlive/2016/texmf-dist/tex/latex/amsfonts/ueur.fd
File: ueur.fd 2013/01/14 v3.01 Euler Roman
)
LaTeX Font Info:    Try loading font information for U+msa on input line 176.

(/usr/local/texlive/2016/texmf-dist/tex/latex/amsfonts/umsa.fd
File: umsa.fd 2013/01/14 v3.01 AMS symbols A
)
Underfull \vbox (badness 10000) has occurred while \output is active []


Overfull \hbox (4.62497pt too wide) has occurred while \output is active
\OT1/cmr/m/n/9 1
 []

[1{/usr/local/texlive/2016/texmf-var/fonts/map/pdftex/updmap/pdftex.map}

]
Overfull \vbox (11.50003pt too high) has occurred while \output is active []


[2] (./manuscript.toc
Underfull \vbox (badness 10000) has occurred while \output is active []


Overfull \hbox (4.62497pt too wide) has occurred while \output is active
\OT1/cmr/m/n/9 1
 []

[1

])
\tf@toc=\write5
\openout5 = `manuscript.toc'.


Overfull \hbox (4.62497pt too wide) has occurred while \output is active
\OT1/cmr/m/n/9 2
 []

[2]
Overfull \hbox (4.62497pt too wide) has occurred while \output is active
\OT1/cmr/m/n/9 3
 []

[3]
Overfull \hbox (4.62497pt too wide) has occurred while \output is active
\OT1/cmr/m/n/9 4
 []

[4]
Overfull \hbox (4.62497pt too wide) has occurred while \output is active
\OT1/cmr/m/n/9 5
 []

[5]
Underfull \vbox (badness 10000) has occurred while \output is active []


Overfull \hbox (4.62497pt too wide) has occurred while \output is active
\OT1/cmr/m/n/9 6
 []

[6]
Overfull \hbox (4.62497pt too wide) has occurred while \output is active
\OT1/cmr/m/n/9 7
 []

[7]
Overfull \hbox (4.62497pt too wide) has occurred while \output is active
\OT1/cmr/m/n/9 8
 []

[8]
Overfull \hbox (4.62497pt too wide) has occurred while \output is active
\OT1/cmr/m/n/9 9
 []

[9]
Overfull \hbox (9.24994pt too wide) has occurred while \output is active
\OT1/cmr/m/n/9 10
 []

[10]
Overfull \hbox (9.24994pt too wide) has occurred while \output is active
\OT1/cmr/m/n/9 11
 []

[11]
Overfull \hbox (9.24994pt too wide) has occurred while \output is active
\OT1/cmr/m/n/9 12
 []

[12]
Overfull \hbox (9.24994pt too wide) has occurred while \output is active
\OT1/cmr/m/n/9 13
 []

[13]
Underfull \vbox (badness 10000) has occurred while \output is active []


Overfull \hbox (9.24994pt too wide) has occurred while \output is active
\OT1/cmr/m/n/9 14
 []

[14]
Underfull \vbox (badness 10000) has occurred while \output is active []


Overfull \hbox (9.24994pt too wide) has occurred while \output is active
\OT1/cmr/m/n/9 15
 []

[15]
Overfull \hbox (9.24994pt too wide) has occurred while \output is active
\OT1/cmr/m/n/9 16
 []

[16]
Missing character: There is no ‚ in font cmr12!
Missing character: There is no Ä in font cmr12!
Missing character: There is no ê in font cmr12!
Missing character: There is no ‚ in font cmr12!
Missing character: There is no Ä in font cmr12!
Missing character: There is no ê in font cmr12!
Missing character: There is no ‚ in font cmr12!
Missing character: There is no Ä in font cmr12!
Missing character: There is no ì in font cmr12!

Underfull \vbox (badness 10000) has occurred while \output is active []


Overfull \hbox (9.24994pt too wide) has occurred while \output is active
\OT1/cmr/m/n/9 17
 []

[17]
Underfull \vbox (badness 10000) has occurred while \output is active []


Overfull \hbox (9.24994pt too wide) has occurred while \output is active
\OT1/cmr/m/n/9 18
 []

[18] AED endfloat: Processing end Figures and Tables
Overfull \hbox (9.24994pt too wide) has occurred while \output is active
\OT1/cmr/m/n/9 19
 []

[19] (./manuscript.aux)

LaTeX Warning: There were multiply-defined labels.

 ) 
Here is how much of TeX's memory you used:
 11230 strings out of 493014
 194917 string characters out of 6133351
 232533 words of memory out of 5000000
 14654 multiletter control sequences out of 15000+600000
 19928 words of font info for 71 fonts, out of 8000000 for 9000
 1141 hyphenation exceptions out of 8191
 38i,18n,40p,10383b,286s stack positions out of 5000i,500n,10000p,200000b,80000s
</usr/local/texlive/2016/texmf-dist/fonts/type1/public/amsfonts/cm/cmbx10.pfb
></usr/local/texlive/2016/texmf-dist/fonts/type1/public/amsfonts/cm/cmbx12.pfb>
</usr/local/texlive/2016/texmf-dist/fonts/type1/public/amsfonts/cm/cmbx6.pfb></
usr/local/texlive/2016/texmf-dist/fonts/type1/public/amsfonts/cm/cmbx8.pfb></us
r/local/texlive/2016/texmf-dist/fonts/type1/public/amsfonts/cm/cmbxti10.pfb></u
sr/local/texlive/2016/texmf-dist/fonts/type1/public/amsfonts/cm/cmcsc10.pfb></u
sr/local/texlive/2016/texmf-dist/fonts/type1/public/amsfonts/cm/cmex10.pfb></us
r/local/texlive/2016/texmf-dist/fonts/type1/public/amsfonts/cmextra/cmex8.pfb><
/usr/local/texlive/2016/texmf-dist/fonts/type1/public/amsfonts/cm/cmmi12.pfb></
usr/local/texlive/2016/texmf-dist/fonts/type1/public/amsfonts/cm/cmmi6.pfb></us
r/local/texlive/2016/texmf-dist/fonts/type1/public/amsfonts/cm/cmmi8.pfb></usr/
local/texlive/2016/texmf-dist/fonts/type1/public/amsfonts/cm/cmmib10.pfb></usr/
local/texlive/2016/texmf-dist/fonts/type1/public/amsfonts/cmextra/cmmib8.pfb></
usr/local/texlive/2016/texmf-dist/fonts/type1/public/amsfonts/cm/cmr10.pfb></us
r/local/texlive/2016/texmf-dist/fonts/type1/public/amsfonts/cm/cmr12.pfb></usr/
local/texlive/2016/texmf-dist/fonts/type1/public/amsfonts/cm/cmr6.pfb></usr/loc
al/texlive/2016/texmf-dist/fonts/type1/public/amsfonts/cm/cmr8.pfb></usr/local/
texlive/2016/texmf-dist/fonts/type1/public/amsfonts/cm/cmr9.pfb></usr/local/tex
live/2016/texmf-dist/fonts/type1/public/amsfonts/cm/cmsy10.pfb></usr/local/texl
ive/2016/texmf-dist/fonts/type1/public/amsfonts/cm/cmsy6.pfb></usr/local/texliv
e/2016/texmf-dist/fonts/type1/public/amsfonts/cm/cmsy8.pfb></usr/local/texlive/
2016/texmf-dist/fonts/type1/public/amsfonts/cm/cmti10.pfb></usr/local/texlive/2
016/texmf-dist/fonts/type1/public/amsfonts/cm/cmti12.pfb></usr/local/texlive/20
16/texmf-dist/fonts/type1/public/amsfonts/cm/cmti9.pfb>
Output written on manuscript.pdf (21 pages, 308290 bytes).
PDF statistics:
 169 PDF objects out of 1000 (max. 8388607)
 120 compressed objects within 2 object streams
 0 named destinations out of 1000 (max. 500000)
 1 words of extra memory for PDF output out of 10000 (max. 10000000)

